<?xml version="1.0" encoding="UTF-8"?>
<!-- Generated by org.testng.reporters.JUnitReportReporter -->
<testsuite skipped="0" hostname="USABOS286475L" name="com.example.demo.RestApiApplicationTests" tests="8" failures="0" timestamp="2019-10-16T00:01:17 CDT" time="60.733" errors="0">
  <testcase name="test8removeDataWithoutKey" time="7.778" classname="com.example.demo.RestApiApplicationTests"/>
  <testcase name="test6downloadDataWithoutKey" time="7.692" classname="com.example.demo.RestApiApplicationTests"/>
  <testcase name="test2uploadTestWhenKeyIsNotPresentMD5" time="7.464" classname="com.example.demo.RestApiApplicationTests"/>
  <testcase name="test5downloadDataWithFileKey" time="7.645" classname="com.example.demo.RestApiApplicationTests"/>
  <testcase name="test3uploadTestWhenKeyIsGivenSHA256" time="7.527" classname="com.example.demo.RestApiApplicationTests"/>
  <testcase name="test4uploadTestWhenKeyIsNotPresentSHA256" time="7.578" classname="com.example.demo.RestApiApplicationTests"/>
  <testcase name="test1uploadTestWhenKeyIsGivenMD5" time="7.317" classname="com.example.demo.RestApiApplicationTests"/>
  <testcase name="test7removeDataWithKey" time="7.732" classname="com.example.demo.RestApiApplicationTests"/>
</testsuite> <!-- com.example.demo.RestApiApplicationTests -->
